{"uuid":"0d29141c-9306-46b0-a2b4-72efbd879c0e","historyId":"cffb0401ed154affd97720e0192ab0f5:5bd835b0d6b1d4ada3b9f0db936e82c8","status":"failed","statusDetails":{"message":"Error: expect.toHaveValue: DOMException: Failed to execute 'evaluate' on 'Document': The string '//input[@placeholder=\\\"Search for Products, Brands and More\\\"]' is not a valid XPath expression.\n    at Object.queryAll (<anonymous>:41:25)\n    at InjectedScript._queryEngineAll (<anonymous>:4855:49)\n    at InjectedScript.querySelectorAll (<anonymous>:4842:30)\n    at eval (eval at evaluate (:226:30), <anonymous>:6:44)\n    at UtilityScript.evaluate (<anonymous>:228:17)\n    at UtilityScript.<anonymous> (<anonymous>:1:44)\nCall log:\n  - expect.toHaveValue with timeout 5000ms\n  - waiting for locator('//input[@placeholder=\\\\\"Search for Products, Brands and More\\\\\"]')\n","trace":"Error: expect.toHaveValue: DOMException: Failed to execute 'evaluate' on 'Document': The string '//input[@placeholder=\\\"Search for Products, Brands and More\\\"]' is not a valid XPath expression.\n    at Object.queryAll (<anonymous>:41:25)\n    at InjectedScript._queryEngineAll (<anonymous>:4855:49)\n    at InjectedScript.querySelectorAll (<anonymous>:4842:30)\n    at eval (eval at evaluate (:226:30), <anonymous>:6:44)\n    at UtilityScript.evaluate (<anonymous>:228:17)\n    at UtilityScript.<anonymous> (<anonymous>:1:44)\nCall log:\n  - expect.toHaveValue with timeout 5000ms\n  - waiting for locator('//input[@placeholder=\\\\\"Search for Products, Brands and More\\\\\"]')\n\n    at Object.queryAll (D:\\github\\Studyproject\\<anonymous>:41:25)\n    at InjectedScript._queryEngineAll (D:\\github\\Studyproject\\<anonymous>:4855:49)\n    at InjectedScript.querySelectorAll (D:\\github\\Studyproject\\<anonymous>:4842:30)\n    at eval (D:\\github\\Studyproject\\eval at evaluate (:226:30), <anonymous>:6:44)\n    at UtilityScript.evaluate (D:\\github\\Studyproject\\<anonymous>:228:17)\n    at UtilityScript.<anonymous> (D:\\github\\Studyproject\\<anonymous>:1:44)\n    at D:\\github\\Studyproject\\tests\\whatsapp.spec.js:10:38"},"stage":"pending","steps":[{"status":"passed","statusDetails":{},"stage":"pending","steps":[{"status":"passed","statusDetails":{},"stage":"pending","steps":[{"status":"passed","statusDetails":{},"stage":"pending","steps":[],"attachments":[],"parameters":[],"start":1705587731297,"name":"browserType.launch","stop":1705587731553}],"attachments":[],"parameters":[],"start":1705587731291,"name":"fixture: browser","stop":1705587731553},{"status":"passed","statusDetails":{},"stage":"pending","steps":[{"status":"passed","statusDetails":{},"stage":"pending","steps":[],"attachments":[],"parameters":[],"start":1705587731558,"name":"browser.newContext","stop":1705587731568}],"attachments":[],"parameters":[],"start":1705587731555,"name":"fixture: context","stop":1705587731571},{"status":"passed","statusDetails":{},"stage":"pending","steps":[{"status":"passed","statusDetails":{},"stage":"pending","steps":[],"attachments":[],"parameters":[],"start":1705587731573,"name":"browserContext.newPage","stop":1705587731749}],"attachments":[],"parameters":[],"start":1705587731572,"name":"fixture: page","stop":1705587731749}],"attachments":[],"parameters":[],"start":1705587731275,"name":"Before Hooks","stop":1705587731749},{"status":"passed","statusDetails":{},"stage":"pending","steps":[],"attachments":[],"parameters":[],"start":1705587731750,"name":"browserType.launch","stop":1705587732024},{"status":"passed","statusDetails":{},"stage":"pending","steps":[],"attachments":[],"parameters":[],"start":1705587732026,"name":"page.goto(https://www.flipkart.com/)","stop":1705587735444},{"status":"passed","statusDetails":{},"stage":"pending","steps":[],"attachments":[],"parameters":[],"start":1705587735446,"name":"page.waitForTimeout","stop":1705587738451},{"status":"failed","statusDetails":{"message":"Error: expect.toHaveValue: DOMException: Failed to execute 'evaluate' on 'Document': The string '//input[@placeholder=\\\"Search for Products, Brands and More\\\"]' is not a valid XPath expression.\n    at Object.queryAll (<anonymous>:41:25)\n    at InjectedScript._queryEngineAll (<anonymous>:4855:49)\n    at InjectedScript.querySelectorAll (<anonymous>:4842:30)\n    at eval (eval at evaluate (:226:30), <anonymous>:6:44)\n    at UtilityScript.evaluate (<anonymous>:228:17)\n    at UtilityScript.<anonymous> (<anonymous>:1:44)\nCall log:\n  - expect.toHaveValue with timeout 5000ms\n  - waiting for locator('//input[@placeholder=\\\\\"Search for Products, Brands and More\\\\\"]')\n","trace":"Error: expect.toHaveValue: DOMException: Failed to execute 'evaluate' on 'Document': The string '//input[@placeholder=\\\"Search for Products, Brands and More\\\"]' is not a valid XPath expression.\n    at Object.queryAll (<anonymous>:41:25)\n    at InjectedScript._queryEngineAll (<anonymous>:4855:49)\n    at InjectedScript.querySelectorAll (<anonymous>:4842:30)\n    at eval (eval at evaluate (:226:30), <anonymous>:6:44)\n    at UtilityScript.evaluate (<anonymous>:228:17)\n    at UtilityScript.<anonymous> (<anonymous>:1:44)\nCall log:\n  - expect.toHaveValue with timeout 5000ms\n  - waiting for locator('//input[@placeholder=\\\\\"Search for Products, Brands and More\\\\\"]')\n\n    at Object.queryAll (D:\\github\\Studyproject\\<anonymous>:41:25)\n    at InjectedScript._queryEngineAll (D:\\github\\Studyproject\\<anonymous>:4855:49)\n    at InjectedScript.querySelectorAll (D:\\github\\Studyproject\\<anonymous>:4842:30)\n    at eval (D:\\github\\Studyproject\\eval at evaluate (:226:30), <anonymous>:6:44)\n    at UtilityScript.evaluate (D:\\github\\Studyproject\\<anonymous>:228:17)\n    at UtilityScript.<anonymous> (D:\\github\\Studyproject\\<anonymous>:1:44)\n    at D:\\github\\Studyproject\\tests\\whatsapp.spec.js:10:38"},"stage":"pending","steps":[],"attachments":[],"parameters":[],"start":1705587738454,"name":"expect.toHaveValue","stop":1705587738483},{"status":"passed","statusDetails":{},"stage":"pending","steps":[{"status":"passed","statusDetails":{},"stage":"pending","steps":[],"attachments":[],"parameters":[],"start":1705587738484,"name":"fixture: page","stop":1705587738485},{"status":"passed","statusDetails":{},"stage":"pending","steps":[],"attachments":[],"parameters":[],"start":1705587738485,"name":"fixture: context","stop":1705587738485},{"status":"passed","statusDetails":{},"stage":"pending","steps":[],"attachments":[],"parameters":[],"start":1705587738537,"name":"fixture: browser","stop":1705587738682}],"attachments":[],"parameters":[],"start":1705587738484,"name":"After Hooks","stop":1705587738682}],"attachments":[],"parameters":[{"name":"Project","value":"chromium"}],"labels":[{"name":"language","value":"JavaScript"},{"name":"framework","value":"Playwright"},{"name":"titlePath","value":" > chromium > whatsapp.spec.js"},{"name":"host","value":"Jarvis"},{"name":"thread","value":"Jarvis-30116-playwright-worker-0"},{"name":"parentSuite","value":"chromium"},{"name":"suite","value":"whatsapp.spec.js"}],"links":[],"start":1705587731271,"name":"whatsapplogin","fullName":"whatsapp.spec.js#whatsapplogin","testCaseId":"cffb0401ed154affd97720e0192ab0f5","stop":1705587738689}