{"uuid":"955ed952-261b-45bb-b21f-7d073190e821","historyId":"cffb0401ed154affd97720e0192ab0f5:5bd835b0d6b1d4ada3b9f0db936e82c8","status":"failed","statusDetails":{"message":"Error: expect.toHaveText: DOMException: Failed to execute 'evaluate' on 'Document': The string '//input[@placeholder=\\'Search for Products, Brands and More\\']' is not a valid XPath expression.\n    at Object.queryAll (<anonymous>:41:25)\n    at InjectedScript._queryEngineAll (<anonymous>:4855:49)\n    at InjectedScript.querySelectorAll (<anonymous>:4842:30)\n    at eval (eval at evaluate (:226:30), <anonymous>:6:44)\n    at UtilityScript.evaluate (<anonymous>:228:17)\n    at UtilityScript.<anonymous> (<anonymous>:1:44)\nCall log:\n  - expect.toHaveText with timeout 5000ms\n  - waiting for locator('//input[@placeholder=\\\\\\'Search for Products, Brands and More\\\\\\']')\n","trace":"Error: expect.toHaveText: DOMException: Failed to execute 'evaluate' on 'Document': The string '//input[@placeholder=\\'Search for Products, Brands and More\\']' is not a valid XPath expression.\n    at Object.queryAll (<anonymous>:41:25)\n    at InjectedScript._queryEngineAll (<anonymous>:4855:49)\n    at InjectedScript.querySelectorAll (<anonymous>:4842:30)\n    at eval (eval at evaluate (:226:30), <anonymous>:6:44)\n    at UtilityScript.evaluate (<anonymous>:228:17)\n    at UtilityScript.<anonymous> (<anonymous>:1:44)\nCall log:\n  - expect.toHaveText with timeout 5000ms\n  - waiting for locator('//input[@placeholder=\\\\\\'Search for Products, Brands and More\\\\\\']')\n\n    at Object.queryAll (D:\\github\\Studyproject\\<anonymous>:41:25)\n    at InjectedScript._queryEngineAll (D:\\github\\Studyproject\\<anonymous>:4855:49)\n    at InjectedScript.querySelectorAll (D:\\github\\Studyproject\\<anonymous>:4842:30)\n    at eval (D:\\github\\Studyproject\\eval at evaluate (:226:30), <anonymous>:6:44)\n    at UtilityScript.evaluate (D:\\github\\Studyproject\\<anonymous>:228:17)\n    at UtilityScript.<anonymous> (D:\\github\\Studyproject\\<anonymous>:1:44)\n    at D:\\github\\Studyproject\\tests\\whatsapp.spec.js:10:38"},"stage":"pending","steps":[{"status":"passed","statusDetails":{},"stage":"pending","steps":[{"status":"passed","statusDetails":{},"stage":"pending","steps":[{"status":"passed","statusDetails":{},"stage":"pending","steps":[],"attachments":[],"parameters":[],"start":1705587358128,"name":"browserType.launch","stop":1705587358607}],"attachments":[],"parameters":[],"start":1705587358121,"name":"fixture: browser","stop":1705587358607},{"status":"passed","statusDetails":{},"stage":"pending","steps":[{"status":"passed","statusDetails":{},"stage":"pending","steps":[],"attachments":[],"parameters":[],"start":1705587358612,"name":"browser.newContext","stop":1705587358625}],"attachments":[],"parameters":[],"start":1705587358610,"name":"fixture: context","stop":1705587358628},{"status":"passed","statusDetails":{},"stage":"pending","steps":[{"status":"passed","statusDetails":{},"stage":"pending","steps":[],"attachments":[],"parameters":[],"start":1705587358631,"name":"browserContext.newPage","stop":1705587358904}],"attachments":[],"parameters":[],"start":1705587358629,"name":"fixture: page","stop":1705587358904}],"attachments":[],"parameters":[],"start":1705587358103,"name":"Before Hooks","stop":1705587358904},{"status":"passed","statusDetails":{},"stage":"pending","steps":[],"attachments":[],"parameters":[],"start":1705587358908,"name":"browserType.launch","stop":1705587359291},{"status":"passed","statusDetails":{},"stage":"pending","steps":[],"attachments":[],"parameters":[],"start":1705587359294,"name":"page.goto(https://www.flipkart.com/)","stop":1705587364939},{"status":"passed","statusDetails":{},"stage":"pending","steps":[],"attachments":[],"parameters":[],"start":1705587364941,"name":"page.waitForTimeout","stop":1705587367958},{"status":"failed","statusDetails":{"message":"Error: expect.toHaveText: DOMException: Failed to execute 'evaluate' on 'Document': The string '//input[@placeholder=\\'Search for Products, Brands and More\\']' is not a valid XPath expression.\n    at Object.queryAll (<anonymous>:41:25)\n    at InjectedScript._queryEngineAll (<anonymous>:4855:49)\n    at InjectedScript.querySelectorAll (<anonymous>:4842:30)\n    at eval (eval at evaluate (:226:30), <anonymous>:6:44)\n    at UtilityScript.evaluate (<anonymous>:228:17)\n    at UtilityScript.<anonymous> (<anonymous>:1:44)\nCall log:\n  - expect.toHaveText with timeout 5000ms\n  - waiting for locator('//input[@placeholder=\\\\\\'Search for Products, Brands and More\\\\\\']')\n","trace":"Error: expect.toHaveText: DOMException: Failed to execute 'evaluate' on 'Document': The string '//input[@placeholder=\\'Search for Products, Brands and More\\']' is not a valid XPath expression.\n    at Object.queryAll (<anonymous>:41:25)\n    at InjectedScript._queryEngineAll (<anonymous>:4855:49)\n    at InjectedScript.querySelectorAll (<anonymous>:4842:30)\n    at eval (eval at evaluate (:226:30), <anonymous>:6:44)\n    at UtilityScript.evaluate (<anonymous>:228:17)\n    at UtilityScript.<anonymous> (<anonymous>:1:44)\nCall log:\n  - expect.toHaveText with timeout 5000ms\n  - waiting for locator('//input[@placeholder=\\\\\\'Search for Products, Brands and More\\\\\\']')\n\n    at Object.queryAll (D:\\github\\Studyproject\\<anonymous>:41:25)\n    at InjectedScript._queryEngineAll (D:\\github\\Studyproject\\<anonymous>:4855:49)\n    at InjectedScript.querySelectorAll (D:\\github\\Studyproject\\<anonymous>:4842:30)\n    at eval (D:\\github\\Studyproject\\eval at evaluate (:226:30), <anonymous>:6:44)\n    at UtilityScript.evaluate (D:\\github\\Studyproject\\<anonymous>:228:17)\n    at UtilityScript.<anonymous> (D:\\github\\Studyproject\\<anonymous>:1:44)\n    at D:\\github\\Studyproject\\tests\\whatsapp.spec.js:10:38"},"stage":"pending","steps":[],"attachments":[],"parameters":[],"start":1705587367963,"name":"expect.toHaveText","stop":1705587368006},{"status":"passed","statusDetails":{},"stage":"pending","steps":[{"status":"passed","statusDetails":{},"stage":"pending","steps":[],"attachments":[],"parameters":[],"start":1705587368007,"name":"fixture: page","stop":1705587368007},{"status":"passed","statusDetails":{},"stage":"pending","steps":[],"attachments":[],"parameters":[],"start":1705587368008,"name":"fixture: context","stop":1705587368008},{"status":"passed","statusDetails":{},"stage":"pending","steps":[],"attachments":[],"parameters":[],"start":1705587368075,"name":"fixture: browser","stop":1705587368219}],"attachments":[],"parameters":[],"start":1705587368006,"name":"After Hooks","stop":1705587368219}],"attachments":[],"parameters":[{"name":"Project","value":"chromium"}],"labels":[{"name":"language","value":"JavaScript"},{"name":"framework","value":"Playwright"},{"name":"titlePath","value":" > chromium > whatsapp.spec.js"},{"name":"host","value":"Jarvis"},{"name":"thread","value":"Jarvis-21648-playwright-worker-0"},{"name":"parentSuite","value":"chromium"},{"name":"suite","value":"whatsapp.spec.js"}],"links":[],"start":1705587358096,"name":"whatsapplogin","fullName":"whatsapp.spec.js#whatsapplogin","testCaseId":"cffb0401ed154affd97720e0192ab0f5","stop":1705587368222}