{"uuid":"a9976ce3-553b-4587-8aa2-57df07ce06c6","historyId":"cffb0401ed154affd97720e0192ab0f5:5bd835b0d6b1d4ada3b9f0db936e82c8","status":"failed","statusDetails":{"message":"Error: locator.fill: DOMException: Failed to execute 'evaluate' on 'Document': The string '//input[@placeholder=\\\"Search for Products, Brands and More\\\"]' is not a valid XPath expression.\n    at Object.queryAll (<anonymous>:41:25)\n    at InjectedScript._queryEngineAll (<anonymous>:4855:49)\n    at InjectedScript.querySelectorAll (<anonymous>:4842:30)\n    at eval (eval at evaluate (:226:30), <anonymous>:4:35)\n    at UtilityScript.evaluate (<anonymous>:228:17)\n    at UtilityScript.<anonymous> (<anonymous>:1:44)\nCall log:\n  - waiting for locator('//input[@placeholder=\\\\\"Search for Products, Brands and More\\\\\"]')\n","trace":"Error: locator.fill: DOMException: Failed to execute 'evaluate' on 'Document': The string '//input[@placeholder=\\\"Search for Products, Brands and More\\\"]' is not a valid XPath expression.\n    at Object.queryAll (<anonymous>:41:25)\n    at InjectedScript._queryEngineAll (<anonymous>:4855:49)\n    at InjectedScript.querySelectorAll (<anonymous>:4842:30)\n    at eval (eval at evaluate (:226:30), <anonymous>:4:35)\n    at UtilityScript.evaluate (<anonymous>:228:17)\n    at UtilityScript.<anonymous> (<anonymous>:1:44)\nCall log:\n  - waiting for locator('//input[@placeholder=\\\\\"Search for Products, Brands and More\\\\\"]')\n\n    at Object.queryAll (D:\\github\\Studyproject\\<anonymous>:41:25)\n    at InjectedScript._queryEngineAll (D:\\github\\Studyproject\\<anonymous>:4855:49)\n    at InjectedScript.querySelectorAll (D:\\github\\Studyproject\\<anonymous>:4842:30)\n    at eval (D:\\github\\Studyproject\\eval at evaluate (:226:30), <anonymous>:4:35)\n    at UtilityScript.evaluate (D:\\github\\Studyproject\\<anonymous>:228:17)\n    at UtilityScript.<anonymous> (D:\\github\\Studyproject\\<anonymous>:1:44)\n    at D:\\github\\Studyproject\\tests\\whatsapp.spec.js:12:30"},"stage":"pending","steps":[{"status":"passed","statusDetails":{},"stage":"pending","steps":[{"status":"passed","statusDetails":{},"stage":"pending","steps":[{"status":"passed","statusDetails":{},"stage":"pending","steps":[],"attachments":[],"parameters":[],"start":1705587859726,"name":"browserType.launch","stop":1705587859972}],"attachments":[],"parameters":[],"start":1705587859721,"name":"fixture: browser","stop":1705587859972},{"status":"passed","statusDetails":{},"stage":"pending","steps":[{"status":"passed","statusDetails":{},"stage":"pending","steps":[],"attachments":[],"parameters":[],"start":1705587859975,"name":"browser.newContext","stop":1705587859984}],"attachments":[],"parameters":[],"start":1705587859973,"name":"fixture: context","stop":1705587859987},{"status":"passed","statusDetails":{},"stage":"pending","steps":[{"status":"passed","statusDetails":{},"stage":"pending","steps":[],"attachments":[],"parameters":[],"start":1705587859990,"name":"browserContext.newPage","stop":1705587860139}],"attachments":[],"parameters":[],"start":1705587859988,"name":"fixture: page","stop":1705587860139}],"attachments":[],"parameters":[],"start":1705587859704,"name":"Before Hooks","stop":1705587860139},{"status":"passed","statusDetails":{},"stage":"pending","steps":[],"attachments":[],"parameters":[],"start":1705587860141,"name":"browserType.launch","stop":1705587860419},{"status":"passed","statusDetails":{},"stage":"pending","steps":[],"attachments":[],"parameters":[],"start":1705587860422,"name":"page.goto(https://www.flipkart.com/)","stop":1705587863251},{"status":"passed","statusDetails":{},"stage":"pending","steps":[],"attachments":[],"parameters":[],"start":1705587863253,"name":"page.waitForTimeout","stop":1705587866262},{"status":"failed","statusDetails":{"message":"Error: locator.fill: DOMException: Failed to execute 'evaluate' on 'Document': The string '//input[@placeholder=\\\"Search for Products, Brands and More\\\"]' is not a valid XPath expression.\n    at Object.queryAll (<anonymous>:41:25)\n    at InjectedScript._queryEngineAll (<anonymous>:4855:49)\n    at InjectedScript.querySelectorAll (<anonymous>:4842:30)\n    at eval (eval at evaluate (:226:30), <anonymous>:4:35)\n    at UtilityScript.evaluate (<anonymous>:228:17)\n    at UtilityScript.<anonymous> (<anonymous>:1:44)\nCall log:\n  - waiting for locator('//input[@placeholder=\\\\\"Search for Products, Brands and More\\\\\"]')\n","trace":"Error: locator.fill: DOMException: Failed to execute 'evaluate' on 'Document': The string '//input[@placeholder=\\\"Search for Products, Brands and More\\\"]' is not a valid XPath expression.\n    at Object.queryAll (<anonymous>:41:25)\n    at InjectedScript._queryEngineAll (<anonymous>:4855:49)\n    at InjectedScript.querySelectorAll (<anonymous>:4842:30)\n    at eval (eval at evaluate (:226:30), <anonymous>:4:35)\n    at UtilityScript.evaluate (<anonymous>:228:17)\n    at UtilityScript.<anonymous> (<anonymous>:1:44)\nCall log:\n  - waiting for locator('//input[@placeholder=\\\\\"Search for Products, Brands and More\\\\\"]')\n\n    at Object.queryAll (D:\\github\\Studyproject\\<anonymous>:41:25)\n    at InjectedScript._queryEngineAll (D:\\github\\Studyproject\\<anonymous>:4855:49)\n    at InjectedScript.querySelectorAll (D:\\github\\Studyproject\\<anonymous>:4842:30)\n    at eval (D:\\github\\Studyproject\\eval at evaluate (:226:30), <anonymous>:4:35)\n    at UtilityScript.evaluate (D:\\github\\Studyproject\\<anonymous>:228:17)\n    at UtilityScript.<anonymous> (D:\\github\\Studyproject\\<anonymous>:1:44)\n    at D:\\github\\Studyproject\\tests\\whatsapp.spec.js:12:30"},"stage":"pending","steps":[],"attachments":[],"parameters":[],"start":1705587866264,"name":"locator.fill(//input[@placeholder=\\\"Search for Products, Brands and More\\\"])","stop":1705587866293},{"status":"passed","statusDetails":{},"stage":"pending","steps":[{"status":"passed","statusDetails":{},"stage":"pending","steps":[],"attachments":[],"parameters":[],"start":1705587866294,"name":"fixture: page","stop":1705587866294},{"status":"passed","statusDetails":{},"stage":"pending","steps":[],"attachments":[],"parameters":[],"start":1705587866294,"name":"fixture: context","stop":1705587866294},{"status":"passed","statusDetails":{},"stage":"pending","steps":[],"attachments":[],"parameters":[],"start":1705587866358,"name":"fixture: browser","stop":1705587866549}],"attachments":[],"parameters":[],"start":1705587866294,"name":"After Hooks","stop":1705587866549}],"attachments":[],"parameters":[{"name":"Project","value":"chromium"}],"labels":[{"name":"language","value":"JavaScript"},{"name":"framework","value":"Playwright"},{"name":"titlePath","value":" > chromium > whatsapp.spec.js"},{"name":"host","value":"Jarvis"},{"name":"thread","value":"Jarvis-22044-playwright-worker-0"},{"name":"parentSuite","value":"chromium"},{"name":"suite","value":"whatsapp.spec.js"}],"links":[],"start":1705587859700,"name":"whatsapplogin","fullName":"whatsapp.spec.js#whatsapplogin","testCaseId":"cffb0401ed154affd97720e0192ab0f5","stop":1705587866554}