{"uuid":"b58fd413-bcc8-43be-a665-12e5a4742499","historyId":"cffb0401ed154affd97720e0192ab0f5:5bd835b0d6b1d4ada3b9f0db936e82c8","status":"failed","statusDetails":{"message":"Error: expect.toHaveText: DOMException: Failed to execute 'evaluate' on 'Document': The string '//input[@placeholder=\\\"Search for Products, Brands and More\\\"]' is not a valid XPath expression.\n    at Object.queryAll (<anonymous>:41:25)\n    at InjectedScript._queryEngineAll (<anonymous>:4855:49)\n    at InjectedScript.querySelectorAll (<anonymous>:4842:30)\n    at eval (eval at evaluate (:226:30), <anonymous>:6:44)\n    at UtilityScript.evaluate (<anonymous>:228:17)\n    at UtilityScript.<anonymous> (<anonymous>:1:44)\nCall log:\n  - expect.toHaveText with timeout 5000ms\n  - waiting for locator('//input[@placeholder=\\\\\"Search for Products, Brands and More\\\\\"]')\n","trace":"Error: expect.toHaveText: DOMException: Failed to execute 'evaluate' on 'Document': The string '//input[@placeholder=\\\"Search for Products, Brands and More\\\"]' is not a valid XPath expression.\n    at Object.queryAll (<anonymous>:41:25)\n    at InjectedScript._queryEngineAll (<anonymous>:4855:49)\n    at InjectedScript.querySelectorAll (<anonymous>:4842:30)\n    at eval (eval at evaluate (:226:30), <anonymous>:6:44)\n    at UtilityScript.evaluate (<anonymous>:228:17)\n    at UtilityScript.<anonymous> (<anonymous>:1:44)\nCall log:\n  - expect.toHaveText with timeout 5000ms\n  - waiting for locator('//input[@placeholder=\\\\\"Search for Products, Brands and More\\\\\"]')\n\n    at Object.queryAll (D:\\github\\Studyproject\\<anonymous>:41:25)\n    at InjectedScript._queryEngineAll (D:\\github\\Studyproject\\<anonymous>:4855:49)\n    at InjectedScript.querySelectorAll (D:\\github\\Studyproject\\<anonymous>:4842:30)\n    at eval (D:\\github\\Studyproject\\eval at evaluate (:226:30), <anonymous>:6:44)\n    at UtilityScript.evaluate (D:\\github\\Studyproject\\<anonymous>:228:17)\n    at UtilityScript.<anonymous> (D:\\github\\Studyproject\\<anonymous>:1:44)\n    at D:\\github\\Studyproject\\tests\\whatsapp.spec.js:10:38"},"stage":"pending","steps":[{"status":"passed","statusDetails":{},"stage":"pending","steps":[{"status":"passed","statusDetails":{},"stage":"pending","steps":[{"status":"passed","statusDetails":{},"stage":"pending","steps":[],"attachments":[],"parameters":[],"start":1705587656938,"name":"browserType.launch","stop":1705587657197}],"attachments":[],"parameters":[],"start":1705587656933,"name":"fixture: browser","stop":1705587657197},{"status":"passed","statusDetails":{},"stage":"pending","steps":[{"status":"passed","statusDetails":{},"stage":"pending","steps":[],"attachments":[],"parameters":[],"start":1705587657200,"name":"browser.newContext","stop":1705587657209}],"attachments":[],"parameters":[],"start":1705587657198,"name":"fixture: context","stop":1705587657213},{"status":"passed","statusDetails":{},"stage":"pending","steps":[{"status":"passed","statusDetails":{},"stage":"pending","steps":[],"attachments":[],"parameters":[],"start":1705587657215,"name":"browserContext.newPage","stop":1705587657384}],"attachments":[],"parameters":[],"start":1705587657213,"name":"fixture: page","stop":1705587657384}],"attachments":[],"parameters":[],"start":1705587656916,"name":"Before Hooks","stop":1705587657384},{"status":"passed","statusDetails":{},"stage":"pending","steps":[],"attachments":[],"parameters":[],"start":1705587657386,"name":"browserType.launch","stop":1705587657646},{"status":"passed","statusDetails":{},"stage":"pending","steps":[],"attachments":[],"parameters":[],"start":1705587657649,"name":"page.goto(https://www.flipkart.com/)","stop":1705587661328},{"status":"passed","statusDetails":{},"stage":"pending","steps":[],"attachments":[],"parameters":[],"start":1705587661329,"name":"page.waitForTimeout","stop":1705587664333},{"status":"failed","statusDetails":{"message":"Error: expect.toHaveText: DOMException: Failed to execute 'evaluate' on 'Document': The string '//input[@placeholder=\\\"Search for Products, Brands and More\\\"]' is not a valid XPath expression.\n    at Object.queryAll (<anonymous>:41:25)\n    at InjectedScript._queryEngineAll (<anonymous>:4855:49)\n    at InjectedScript.querySelectorAll (<anonymous>:4842:30)\n    at eval (eval at evaluate (:226:30), <anonymous>:6:44)\n    at UtilityScript.evaluate (<anonymous>:228:17)\n    at UtilityScript.<anonymous> (<anonymous>:1:44)\nCall log:\n  - expect.toHaveText with timeout 5000ms\n  - waiting for locator('//input[@placeholder=\\\\\"Search for Products, Brands and More\\\\\"]')\n","trace":"Error: expect.toHaveText: DOMException: Failed to execute 'evaluate' on 'Document': The string '//input[@placeholder=\\\"Search for Products, Brands and More\\\"]' is not a valid XPath expression.\n    at Object.queryAll (<anonymous>:41:25)\n    at InjectedScript._queryEngineAll (<anonymous>:4855:49)\n    at InjectedScript.querySelectorAll (<anonymous>:4842:30)\n    at eval (eval at evaluate (:226:30), <anonymous>:6:44)\n    at UtilityScript.evaluate (<anonymous>:228:17)\n    at UtilityScript.<anonymous> (<anonymous>:1:44)\nCall log:\n  - expect.toHaveText with timeout 5000ms\n  - waiting for locator('//input[@placeholder=\\\\\"Search for Products, Brands and More\\\\\"]')\n\n    at Object.queryAll (D:\\github\\Studyproject\\<anonymous>:41:25)\n    at InjectedScript._queryEngineAll (D:\\github\\Studyproject\\<anonymous>:4855:49)\n    at InjectedScript.querySelectorAll (D:\\github\\Studyproject\\<anonymous>:4842:30)\n    at eval (D:\\github\\Studyproject\\eval at evaluate (:226:30), <anonymous>:6:44)\n    at UtilityScript.evaluate (D:\\github\\Studyproject\\<anonymous>:228:17)\n    at UtilityScript.<anonymous> (D:\\github\\Studyproject\\<anonymous>:1:44)\n    at D:\\github\\Studyproject\\tests\\whatsapp.spec.js:10:38"},"stage":"pending","steps":[],"attachments":[],"parameters":[],"start":1705587664336,"name":"expect.toHaveText","stop":1705587664365},{"status":"passed","statusDetails":{},"stage":"pending","steps":[{"status":"passed","statusDetails":{},"stage":"pending","steps":[],"attachments":[],"parameters":[],"start":1705587664366,"name":"fixture: page","stop":1705587664366},{"status":"passed","statusDetails":{},"stage":"pending","steps":[],"attachments":[],"parameters":[],"start":1705587664366,"name":"fixture: context","stop":1705587664367},{"status":"passed","statusDetails":{},"stage":"pending","steps":[],"attachments":[],"parameters":[],"start":1705587664420,"name":"fixture: browser","stop":1705587664566}],"attachments":[],"parameters":[],"start":1705587664366,"name":"After Hooks","stop":1705587664566}],"attachments":[],"parameters":[{"name":"Project","value":"chromium"}],"labels":[{"name":"language","value":"JavaScript"},{"name":"framework","value":"Playwright"},{"name":"titlePath","value":" > chromium > whatsapp.spec.js"},{"name":"host","value":"Jarvis"},{"name":"thread","value":"Jarvis-9152-playwright-worker-0"},{"name":"parentSuite","value":"chromium"},{"name":"suite","value":"whatsapp.spec.js"}],"links":[],"start":1705587656912,"name":"whatsapplogin","fullName":"whatsapp.spec.js#whatsapplogin","testCaseId":"cffb0401ed154affd97720e0192ab0f5","stop":1705587664572}